\BOOKMARK [0][-]{chapter*.1}{\376\377\004\022\004\062\004\065\004\064\004\065\004\075\004\070\004\065}{}% 1
\BOOKMARK [0][-]{chapter.1}{\376\377\004\032\004\076\004\074\004\077\004\076\004\075\004\065\004\075\004\102\004\113\000\040\000A\000p\000a\000c\000h\000e\000\040\000P\000O\000I}{}% 2
\BOOKMARK [1][-]{section.1.1}{\376\377\004\036\004\077\004\070\004\101\004\060\004\075\004\070\004\065\000\040\004\072\004\076\004\074\004\077\004\076\004\075\004\065\004\102\004\076\004\062}{chapter.1}% 3
\BOOKMARK [1][-]{section.1.2}{\376\377\004\041\004\077\004\070\004\101\004\076\004\072\000\040\004\072\004\076\004\074\004\077\004\076\004\075\004\065\004\075\004\102\004\076\004\062}{chapter.1}% 4
\BOOKMARK [0][-]{chapter.2}{\376\377\004\032\004\073\004\060\004\101\004\101\004\113\000\040\004\070\000\040\004\074\004\065\004\102\004\076\004\064\004\113\000\040\000A\000p\000a\000c\000h\000e\000\040\000P\000O\000I\000\040\004\064\004\073\004\117\000\040\004\100\004\060\004\061\004\076\004\102\004\113\000\040\004\101\000\040\004\104\004\060\004\071\004\073\004\060\004\074\004\070\000\040\000E\000x\000c\000e\000l}{}% 5
\BOOKMARK [1][-]{section.2.1}{\376\377\004\040\004\060\004\061\004\076\004\107\004\060\004\117\000\040\004\072\004\075\004\070\004\063\004\060\000\040\000H\000S\000S\000F\000W\000o\000r\000k\000b\000o\000o\000k\000,\000\040\000X\000S\000S\000F\000W\000o\000r\000k\000b\000o\000o\000k}{chapter.2}% 6
\BOOKMARK [2][-]{subsection.2.1.1}{\376\377\004\032\004\076\004\075\004\101\004\102\004\100\004\103\004\072\004\102\004\076\004\100\004\113\000\040\004\072\004\073\004\060\004\101\004\101\004\060\000\040\000H\000S\000S\000F\000W\000o\000r\000k\000b\000o\000o\000k}{section.2.1}% 7
\BOOKMARK [2][-]{subsection.2.1.2}{\376\377\004\032\004\076\004\075\004\101\004\102\004\100\004\103\004\072\004\102\004\076\004\100\004\113\000\040\004\072\004\073\004\060\004\101\004\101\004\060\000\040\000X\000S\000S\000F\000W\000o\000r\000k\000b\000o\000o\000k}{section.2.1}% 8
\BOOKMARK [2][-]{subsection.2.1.3}{\376\377\004\036\004\101\004\075\004\076\004\062\004\075\004\113\004\065\000\040\004\074\004\065\004\102\004\076\004\064\004\113\000\040\000H\000S\000S\000F\000W\000o\000r\000k\000b\000o\000o\000k\000,\000\040\000X\000S\000S\000F\000W\000o\000r\000k\000b\000o\000o\000k}{section.2.1}% 9
\BOOKMARK [1][-]{section.2.2}{\376\377\004\032\004\073\004\060\004\101\004\101\004\113\000\040\004\073\004\070\004\101\004\102\004\076\004\062\000\040\004\072\004\075\004\070\004\063\004\070\000,\000\040\000H\000S\000S\000F\000S\000h\000e\000e\000t\000,\000\040\000X\000S\000S\000F\000S\000h\000e\000e\000t}{chapter.2}% 10
\BOOKMARK [2][-]{subsection.2.2.1}{\376\377\004\036\004\101\004\075\004\076\004\062\004\075\004\113\004\065\000\040\004\074\004\065\004\102\004\076\004\064\004\113\000\040\004\072\004\073\004\060\004\101\004\101\004\076\004\062\000\040\004\100\004\060\004\061\004\076\004\102\004\113\000\040\004\101\000\040\004\073\004\070\004\101\004\102\004\060\004\074\004\070}{section.2.2}% 11
\BOOKMARK [1][-]{section.2.3}{\376\377\004\032\004\073\004\060\004\101\004\101\004\113\000\040\004\101\004\102\004\100\004\076\004\072\000\040\000H\000S\000S\000F\000R\000o\000w\000,\000\040\000X\000S\000S\000F\000R\000o\000w}{chapter.2}% 12
\BOOKMARK [2][-]{subsection.2.3.1}{\376\377\004\036\004\101\004\075\004\076\004\062\004\075\004\113\004\065\000\040\004\074\004\065\004\102\004\076\004\064\004\113\000\040\004\072\004\073\004\060\004\101\004\101\004\076\004\062\000\040\000H\000S\000S\000F\000R\000o\000w\000,\000\040\000X\000S\000S\000F\000R\000o\000w}{section.2.3}% 13
\BOOKMARK [1][-]{section.2.4}{\376\377\004\032\004\073\004\060\004\101\004\101\004\113\000\040\004\117\004\107\004\065\004\065\004\072\000\040\000H\000S\000S\000F\000C\000e\000l\000l\000,\000\040\000X\000S\000S\000F\000C\000e\000l\000l}{chapter.2}% 14
\BOOKMARK [2][-]{subsection.2.4.1}{\376\377\004\036\004\101\004\075\004\076\004\062\004\075\004\113\004\065\000\040\004\074\004\065\004\102\004\076\004\064\004\113\000\040\004\072\004\073\004\060\004\101\004\101\004\076\004\062\000\040\000H\000S\000S\000F\000C\000e\000l\000l\000,\000\040\000X\000S\000S\000F\000C\000e\000l\000l}{section.2.4}% 15
\BOOKMARK [1][-]{section.2.5}{\376\377\004\032\004\073\004\060\004\101\004\101\004\113\000\040\004\101\004\102\004\070\004\073\004\065\004\071\000\040\004\117\004\107\004\065\004\065\004\072\000\040\000H\000S\000S\000F\000C\000e\000l\000l\000S\000t\000y\000l\000e\000,\000\040\000X\000S\000S\000F\000C\000e\000l\000l\000S\000t\000y\000l\000e}{chapter.2}% 16
\BOOKMARK [1][-]{section.2.6}{\376\377\004\032\004\073\004\060\004\101\004\101\004\113\000\040\004\110\004\100\004\070\004\104\004\102\004\076\004\062\000\040\000H\000S\000S\000F\000F\000o\000n\000t\000,\000\040\000X\000S\000S\000F\000F\000o\000n\000t}{chapter.2}% 17
\BOOKMARK [0][-]{chapter.3}{\376\377\004\030\004\075\004\101\004\102\004\100\004\103\004\072\004\106\004\070\004\117}{}% 18
\BOOKMARK [1][-]{section.3.1}{\376\377\004\047\004\102\004\065\004\075\004\070\004\065\000\040\004\117\004\107\004\065\004\071\004\072\004\070\000\040\004\101\000\040\000M\000S\000\040\000E\000x\000c\000e\000l\000\040}{chapter.3}% 19
\BOOKMARK [1][-]{section.3.2}{\376\377\004\027\004\060\004\077\004\070\004\101\004\114\000\040\004\062\000\040\004\117\004\107\004\065\004\071\004\072\004\103\000\040\000M\000S\000\040\000E\000x\000c\000e\000l}{chapter.3}% 20
\BOOKMARK [1][-]{section.3.3}{\376\377\004\036\004\061\004\075\004\076\004\062\004\073\004\065\004\075\004\070\004\065\000\040\004\117\004\107\004\065\004\071\004\072\004\070\000\040\004\062\000\040\004\101\004\103\004\111\004\065\004\101\004\102\004\062\004\103\004\116\004\111\004\065\004\074\000\040\004\073\004\070\004\101\004\102\004\065\000\040\000M\000S\000\040\000E\000x\000c\000e\000l}{chapter.3}% 21
\BOOKMARK [1][-]{section.3.4}{\376\377\004\037\004\076\004\064\004\063\004\076\004\102\004\076\004\062\004\072\004\060\000:\000\040\004\067\004\060\004\063\004\100\004\103\004\067\004\072\004\060\000\040\004\061\004\070\004\061\004\073\004\070\004\076\004\102\004\065\004\072\000\040\004\070\000\040\004\067\004\060\004\062\004\070\004\101\004\070\004\074\004\076\004\101\004\102\004\065\004\071}{chapter.3}% 22
\BOOKMARK [0][-]{chapter.4}{\376\377\004\022\004\113\004\077\004\076\004\073\004\075\004\065\004\075\004\070\004\065}{}% 23
