This is XeTeX, Version 3.14159265-2.6-0.99999 (MiKTeX 2.9.6840 64-bit) (preloaded format=xelatex 2018.10.19)  9 DEC 2018 14:04
entering extended mode
**./thesis-template-intro.tex
(thesis-template-intro.tex
LaTeX2e <2018-04-01> patch level 5

! LaTeX Error: Missing \begin{document}.

See the LaTeX manual or LaTeX Companion for explanation.
Type  H <return>  for immediate help.
 ...                                              
                                                  
l.1 c
     hapter*{Введение}
You're in trouble here.  Try typing  <return>  to proceed.
If that doesn't work, type  X <return>  to quit.

Missing character: There is no c in font nullfont!
Missing character: There is no h in font nullfont!
Missing character: There is no a in font nullfont!
Missing character: There is no p in font nullfont!
Missing character: There is no t in font nullfont!
Missing character: There is no e in font nullfont!
Missing character: There is no r in font nullfont!
Missing character: There is no * in font nullfont!
Missing character: There is no В in font nullfont!
Missing character: There is no в in font nullfont!
Missing character: There is no е in font nullfont!
Missing character: There is no д in font nullfont!
Missing character: There is no е in font nullfont!
Missing character: There is no н in font nullfont!
Missing character: There is no и in font nullfont!
Missing character: There is no е in font nullfont!

Overfull \hbox (20.0pt too wide) in paragraph at lines 1--4
[]
 []


! LaTeX Error: Missing \begin{document}.

See the LaTeX manual or LaTeX Companion for explanation.
Type  H <return>  for immediate help.
 ...                                              
                                                  
l.5 В
     ведение всегда содержит краткую характеристику работы по следующим аспе...

You're in trouble here.  Try typing  <return>  to proceed.
If that doesn't work, type  X <return>  to quit.

Missing character: There is no В in font nullfont!
Missing character: There is no в in font nullfont!
Missing character: There is no е in font nullfont!
Missing character: There is no д in font nullfont!
Missing character: There is no е in font nullfont!
Missing character: There is no н in font nullfont!
Missing character: There is no и in font nullfont!
Missing character: There is no е in font nullfont!
Missing character: There is no в in font nullfont!
Missing character: There is no с in font nullfont!
Missing character: There is no е in font nullfont!
Missing character: There is no г in font nullfont!
Missing character: There is no д in font nullfont!
Missing character: There is no а in font nullfont!
Missing character: There is no с in font nullfont!
Missing character: There is no о in font nullfont!
Missing character: There is no д in font nullfont!
Missing character: There is no е in font nullfont!
Missing character: There is no р in font nullfont!
Missing character: There is no ж in font nullfont!
Missing character: There is no и in font nullfont!
Missing character: There is no т in font nullfont!
Missing character: There is no к in font nullfont!
Missing character: There is no р in font nullfont!
Missing character: There is no а in font nullfont!
Missing character: There is no т in font nullfont!
Missing character: There is no к in font nullfont!
Missing character: There is no у in font nullfont!
Missing character: There is no ю in font nullfont!
Missing character: There is no х in font nullfont!
Missing character: There is no а in font nullfont!
Missing character: There is no р in font nullfont!
Missing character: There is no а in font nullfont!
Missing character: There is no к in font nullfont!
Missing character: There is no т in font nullfont!
Missing character: There is no е in font nullfont!
Missing character: There is no р in font nullfont!
Missing character: There is no и in font nullfont!
Missing character: There is no с in font nullfont!
Missing character: There is no т in font nullfont!
Missing character: There is no и in font nullfont!
Missing character: There is no к in font nullfont!
Missing character: There is no у in font nullfont!
Missing character: There is no р in font nullfont!
Missing character: There is no а in font nullfont!
Missing character: There is no б in font nullfont!
Missing character: There is no о in font nullfont!
Missing character: There is no т in font nullfont!
Missing character: There is no ы in font nullfont!
Missing character: There is no п in font nullfont!
Missing character: There is no о in font nullfont!
Missing character: There is no с in font nullfont!
Missing character: There is no л in font nullfont!
Missing character: There is no е in font nullfont!
Missing character: There is no д in font nullfont!
Missing character: There is no у in font nullfont!
Missing character: There is no ю in font nullfont!
Missing character: There is no щ in font nullfont!
Missing character: There is no и in font nullfont!
Missing character: There is no м in font nullfont!
Missing character: There is no а in font nullfont!
Missing character: There is no с in font nullfont!
Missing character: There is no п in font nullfont!
Missing character: There is no е in font nullfont!
Missing character: There is no к in font nullfont!
Missing character: There is no т in font nullfont!
Missing character: There is no а in font nullfont!
Missing character: There is no м in font nullfont!
Missing character: There is no : in font nullfont!

Overfull \hbox (20.0pt too wide) in paragraph at lines 5--6
[]
 []


! LaTeX Error: Missing \begin{document}.

See the LaTeX manual or LaTeX Companion for explanation.
Type  H <return>  for immediate help.
 ...                                              
                                                  
l.7 \begin{itemize}
                   
You're in trouble here.  Try typing  <return>  to proceed.
If that doesn't work, type  X <return>  to quit.


Overfull \hbox (20.0pt too wide) in paragraph at lines 7--7
[] 
 []

Missing character: There is no а in font nullfont!
Missing character: There is no к in font nullfont!
Missing character: There is no т in font nullfont!
Missing character: There is no у in font nullfont!
Missing character: There is no а in font nullfont!
Missing character: There is no л in font nullfont!
Missing character: There is no ь in font nullfont!
Missing character: There is no н in font nullfont!
Missing character: There is no о in font nullfont!
Missing character: There is no с in font nullfont!
Missing character: There is no т in font nullfont!
Missing character: There is no ь in font nullfont!
Missing character: There is no : in font nullfont!
Missing character: There is no к in font nullfont!
Missing character: There is no т in font nullfont!
Missing character: There is no о in font nullfont!
Missing character: There is no и in font nullfont!
Missing character: There is no п in font nullfont!
Missing character: There is no о in font nullfont!
Missing character: There is no ч in font nullfont!
Missing character: There is no е in font nullfont!
Missing character: There is no м in font nullfont!
Missing character: There is no у in font nullfont!
Missing character: There is no в in font nullfont!
Missing character: There is no н in font nullfont!
Missing character: There is no а in font nullfont!
Missing character: There is no с in font nullfont!
Missing character: There is no т in font nullfont!
Missing character: There is no о in font nullfont!
Missing character: There is no я in font nullfont!
Missing character: There is no щ in font nullfont!
Missing character: There is no е in font nullfont!
Missing character: There is no е in font nullfont!
Missing character: There is no в in font nullfont!
Missing character: There is no р in font nullfont!
Missing character: There is no е in font nullfont!
Missing character: There is no м in font nullfont!
Missing character: There is no я in font nullfont!
Missing character: There is no и in font nullfont!
Missing character: There is no н in font nullfont!
Missing character: There is no т in font nullfont!
Missing character: There is no е in font nullfont!
Missing character: There is no р in font nullfont!
Missing character: There is no е in font nullfont!
Missing character: There is no с in font nullfont!
Missing character: There is no у in font nullfont!
Missing character: There is no е in font nullfont!
Missing character: There is no т in font nullfont!
Missing character: There is no с in font nullfont!
Missing character: There is no я in font nullfont!
Missing character: There is no д in font nullfont!
Missing character: There is no а in font nullfont!
Missing character: There is no н in font nullfont!
Missing character: There is no н in font nullfont!
Missing character: There is no о in font nullfont!
Missing character: There is no й in font nullfont!
Missing character: There is no п in font nullfont!
Missing character: There is no р in font nullfont!
Missing character: There is no о in font nullfont!
Missing character: There is no б in font nullfont!
Missing character: There is no л in font nullfont!
Missing character: There is no е in font nullfont!
Missing character: There is no м in font nullfont!
Missing character: There is no а in font nullfont!
Missing character: There is no т in font nullfont!
Missing character: There is no и in font nullfont!
Missing character: There is no к in font nullfont!
Missing character: There is no о in font nullfont!
Missing character: There is no й in font nullfont!
Missing character: There is no ( in font nullfont!
Missing character: There is no в in font nullfont!
Missing character: There is no т in font nullfont!
Missing character: There is no . in font nullfont!
Missing character: There is no ч in font nullfont!
Missing character: There is no . in font nullfont!
Missing character: There is no д in font nullfont!
Missing character: There is no л in font nullfont!
Missing character: There is no я in font nullfont!
Missing character: There is no р in font nullfont!
Missing character: There is no е in font nullfont!
Missing character: There is no ш in font nullfont!
Missing character: There is no е in font nullfont!
Missing character: There is no н in font nullfont!
Missing character: There is no и in font nullfont!
Missing character: There is no я in font nullfont!
Missing character: There is no к in font nullfont!
Missing character: There is no а in font nullfont!
Missing character: There is no к in font nullfont!
Missing character: There is no и in font nullfont!
Missing character: There is no х in font nullfont!
Missing character: There is no з in font nullfont!
Missing character: There is no а in font nullfont!
Missing character: There is no д in font nullfont!
Missing character: There is no а in font nullfont!
Missing character: There is no ч in font nullfont!
Missing character: There is no м in font nullfont!
Missing character: There is no о in font nullfont!
Missing character: There is no г in font nullfont!
Missing character: There is no у in font nullfont!
Missing character: There is no т in font nullfont!
Missing character: There is no б in font nullfont!
Missing character: There is no ы in font nullfont!
Missing character: There is no т in font nullfont!
Missing character: There is no ь in font nullfont!
Missing character: There is no п in font nullfont!
Missing character: There is no о in font nullfont!
Missing character: There is no л in font nullfont!
Missing character: There is no е in font nullfont!
Missing character: There is no з in font nullfont!
Missing character: There is no н in font nullfont!
Missing character: There is no ы in font nullfont!
Missing character: There is no и in font nullfont!
Missing character: There is no с in font nullfont!
Missing character: There is no с in font nullfont!
Missing character: There is no л in font nullfont!
Missing character: There is no е in font nullfont!
Missing character: There is no д in font nullfont!
Missing character: There is no о in font nullfont!
Missing character: There is no в in font nullfont!
Missing character: There is no а in font nullfont!
Missing character: There is no н in font nullfont!
Missing character: There is no и in font nullfont!
Missing character: There is no я in font nullfont!
Missing character: There is no в in font nullfont!
Missing character: There is no д in font nullfont!
Missing character: There is no а in font nullfont!
Missing character: There is no н in font nullfont!
Missing character: There is no н in font nullfont!
Missing character: There is no о in font nullfont!
Missing character: There is no й in font nullfont!
Missing character: There is no о in font nullfont!
Missing character: There is no б in font nullfont!
Missing character: There is no л in font nullfont!
Missing character: There is no а in font nullfont!
Missing character: There is no с in font nullfont!
Missing character: There is no т in font nullfont!
Missing character: There is no и in font nullfont!
Missing character: There is no ) in font nullfont!
Missing character: There is no , in font nullfont!
Missing character: There is no к in font nullfont!
Missing character: There is no р in font nullfont!
Missing character: There is no а in font nullfont!
Missing character: There is no т in font nullfont!
Missing character: There is no к in font nullfont!
Missing character: There is no а in font nullfont!
Missing character: There is no я in font nullfont!
Missing character: There is no и in font nullfont!
Missing character: There is no с in font nullfont!
Missing character: There is no т in font nullfont!
Missing character: There is no о in font nullfont!
Missing character: There is no р in font nullfont!
Missing character: There is no и in font nullfont!
Missing character: There is no я in font nullfont!
Missing character: There is no в in font nullfont!
Missing character: There is no о in font nullfont!
Missing character: There is no п in font nullfont!
Missing character: There is no р in font nullfont!
Missing character: There is no о in font nullfont!
Missing character: There is no с in font nullfont!
Missing character: There is no а in font nullfont!
Missing character: There is no ( in font nullfont!
Missing character: There is no в in font nullfont!
Missing character: There is no ф in font nullfont!
Missing character: There is no о in font nullfont!
Missing character: There is no р in font nullfont!
Missing character: There is no м in font nullfont!
Missing character: There is no а in font nullfont!
Missing character: There is no т in font nullfont!
Missing character: There is no е in font nullfont!
Missing character: There is no г in font nullfont!
Missing character: There is no о in font nullfont!
Missing character: There is no д in font nullfont!
Missing character: There is no - in font nullfont!
Missing character: There is no ф in font nullfont!
Missing character: There is no а in font nullfont!
Missing character: There is no м in font nullfont!
Missing character: There is no и in font nullfont!
Missing character: There is no л in font nullfont!
Missing character: There is no и in font nullfont!
Missing character: There is no я in font nullfont!
Missing character: There is no - in font nullfont!
Missing character: There is no ч in font nullfont!
Missing character: There is no т in font nullfont!
Missing character: There is no о in font nullfont!
Missing character: There is no с in font nullfont!
Missing character: There is no д in font nullfont!
Missing character: There is no е in font nullfont!
Missing character: There is no л in font nullfont!
Missing character: There is no а in font nullfont!
Missing character: There is no л in font nullfont!
Missing character: There is no ) in font nullfont!
Missing character: There is no , in font nullfont!
Missing character: There is no н in font nullfont!
Missing character: There is no е in font nullfont!
Missing character: There is no р in font nullfont!
Missing character: There is no е in font nullfont!
Missing character: There is no ш in font nullfont!
Missing character: There is no е in font nullfont!
Missing character: There is no н in font nullfont!
Missing character: There is no н in font nullfont!
Missing character: There is no ы in font nullfont!
Missing character: There is no е in font nullfont!
Missing character: There is no в in font nullfont!
Missing character: There is no о in font nullfont!
Missing character: There is no п in font nullfont!
Missing character: There is no р in font nullfont!
Missing character: There is no о in font nullfont!
Missing character: There is no с in font nullfont!
Missing character: There is no ы in font nullfont!
Missing character: There is no / in font nullfont!
Missing character: There is no п in font nullfont!
Missing character: There is no р in font nullfont!
Missing character: There is no о in font nullfont!
Missing character: There is no б in font nullfont!
Missing character: There is no л in font nullfont!
Missing character: There is no е in font nullfont!
Missing character: There is no м in font nullfont!
Missing character: There is no ы in font nullfont!
Missing character: There is no ; in font nullfont!
Missing character: There is no н in font nullfont!
Missing character: There is no о in font nullfont!
Missing character: There is no в in font nullfont!
Missing character: There is no и in font nullfont!
Missing character: There is no з in font nullfont!
Missing character: There is no н in font nullfont!
Missing character: There is no а in font nullfont!
Missing character: There is no р in font nullfont!
Missing character: There is no а in font nullfont!
Missing character: There is no б in font nullfont!
Missing character: There is no о in font nullfont!
Missing character: There is no т in font nullfont!
Missing character: There is no ы in font nullfont!
Missing character: There is no ( in font nullfont!
Missing character: There is no ч in font nullfont!
Missing character: There is no т in font nullfont!
Missing character: There is no о in font nullfont!
Missing character: There is no н in font nullfont!
Missing character: There is no о in font nullfont!
Missing character: There is no в in font nullfont!
Missing character: There is no о in font nullfont!
Missing character: There is no г in font nullfont!
Missing character: There is no о in font nullfont!
Missing character: There is no п in font nullfont!
Missing character: There is no р in font nullfont!
Missing character: There is no и in font nullfont!
Missing character: There is no в in font nullfont!
Missing character: There is no н in font nullfont!
Missing character: There is no о in font nullfont!
Missing character: There is no с in font nullfont!
Missing character: There is no и in font nullfont!
Missing character: There is no т in font nullfont!
Missing character: There is no с in font nullfont!
Missing character: There is no я in font nullfont!
Missing character: There is no д in font nullfont!
Missing character: There is no а in font nullfont!
Missing character: There is no н in font nullfont!
Missing character: There is no н in font nullfont!
Missing character: There is no о in font nullfont!
Missing character: There is no й in font nullfont!
Missing character: There is no р in font nullfont!
Missing character: There is no а in font nullfont!
Missing character: There is no б in font nullfont!
Missing character: There is no о in font nullfont!
Missing character: There is no т in font nullfont!
Missing character: There is no о in font nullfont!
Missing character: There is no й in font nullfont!
Missing character: There is no ) in font nullfont!
Missing character: There is no ; in font nullfont!
Missing character: There is no о in font nullfont!
Missing character: There is no р in font nullfont!
Missing character: There is no и in font nullfont!
Missing character: There is no г in font nullfont!
Missing character: There is no и in font nullfont!
Missing character: There is no н in font nullfont!
Missing character: There is no а in font nullfont!
Missing character: There is no л in font nullfont!
Missing character: There is no ь in font nullfont!
Missing character: There is no н in font nullfont!
Missing character: There is no а in font nullfont!
Missing character: There is no я in font nullfont!
Missing character: There is no с in font nullfont!
Missing character: There is no у in font nullfont!
Missing character: There is no т in font nullfont!
Missing character: There is no ь in font nullfont!
Missing character: There is no и in font nullfont!
Missing character: There is no с in font nullfont!
Missing character: There is no с in font nullfont!
Missing character: There is no л in font nullfont!
Missing character: There is no е in font nullfont!
Missing character: There is no д in font nullfont!
Missing character: There is no о in font nullfont!
Missing character: There is no в in font nullfont!
Missing character: There is no а in font nullfont!
Missing character: There is no н in font nullfont!
Missing character: There is no и in font nullfont!
Missing character: There is no я in font nullfont!
Missing character: There is no ; in font nullfont!
Missing character: There is no с in font nullfont!
Missing character: There is no о in font nullfont!
Missing character: There is no д in font nullfont!
Missing character: There is no е in font nullfont!
Missing character: There is no р in font nullfont!
Missing character: There is no ж in font nullfont!
Missing character: There is no а in font nullfont!
Missing character: There is no н in font nullfont!
Missing character: There is no и in font nullfont!
Missing character: There is no е in font nullfont!
Missing character: There is no п in font nullfont!
Missing character: There is no о in font nullfont!
Missing character: There is no г in font nullfont!
Missing character: There is no л in font nullfont!
Missing character: There is no а in font nullfont!
Missing character: There is no в in font nullfont!
Missing character: There is no а in font nullfont!
Missing character: There is no м in font nullfont!
Missing character: There is no ( in font nullfont!
Missing character: There is no п in font nullfont!
Missing character: There is no о in font nullfont!
Missing character: There is no о in font nullfont!
Missing character: There is no д in font nullfont!
Missing character: There is no н in font nullfont!
Missing character: There is no о in font nullfont!
Missing character: There is no м in font nullfont!
Missing character: There is no у in font nullfont!
Missing character: There is no а in font nullfont!
Missing character: There is no б in font nullfont!
Missing character: There is no з in font nullfont!
Missing character: There is no а in font nullfont!
Missing character: There is no ц in font nullfont!
Missing character: There is no у in font nullfont!
Missing character: There is no н in font nullfont!
Missing character: There is no а in font nullfont!
Missing character: There is no г in font nullfont!
Missing character: There is no л in font nullfont!
Missing character: There is no а in font nullfont!
Missing character: There is no в in font nullfont!
Missing character: There is no у in font nullfont!
Missing character: There is no ) in font nullfont!
Missing character: There is no . in font nullfont!
Missing character: There is no О in font nullfont!
Missing character: There is no б in font nullfont!
Missing character: There is no щ in font nullfont!
Missing character: There is no и in font nullfont!
Missing character: There is no й in font nullfont!
Missing character: There is no о in font nullfont!
Missing character: There is no б in font nullfont!
Missing character: There is no ъ in font nullfont!
Missing character: There is no е in font nullfont!
Missing character: There is no м in font nullfont!
Missing character: There is no в in font nullfont!
Missing character: There is no в in font nullfont!
Missing character: There is no е in font nullfont!
Missing character: There is no д in font nullfont!
Missing character: There is no е in font nullfont!
Missing character: There is no н in font nullfont!
Missing character: There is no и in font nullfont!
Missing character: There is no я in font nullfont!
Missing character: There is no д in font nullfont!
Missing character: There is no о in font nullfont!
Missing character: There is no л in font nullfont!
Missing character: There is no ж in font nullfont!
Missing character: There is no е in font nullfont!
Missing character: There is no н in font nullfont!
Missing character: There is no н in font nullfont!
Missing character: There is no е in font nullfont!
Missing character: There is no п in font nullfont!
Missing character: There is no р in font nullfont!
Missing character: There is no е in font nullfont!
Missing character: There is no в in font nullfont!
Missing character: There is no ы in font nullfont!
Missing character: There is no ш in font nullfont!
Missing character: There is no а in font nullfont!
Missing character: There is no т in font nullfont!
Missing character: There is no ь in font nullfont!
Missing character: There is no 1 in font nullfont!
Missing character: There is no , in font nullfont!
Missing character: There is no 5 in font nullfont!
Missing character: There is no с in font nullfont!
Missing character: There is no т in font nullfont!
Missing character: There is no р in font nullfont!
Missing character: There is no а in font nullfont!
Missing character: There is no н in font nullfont!
Missing character: There is no и in font nullfont!
Missing character: There is no ц in font nullfont!
Missing character: There is no ( in font nullfont!
Missing character: There is no д in font nullfont!
Missing character: There is no л in font nullfont!
Missing character: There is no я in font nullfont!
Missing character: There is no П in font nullfont!
Missing character: There is no З in font nullfont!
Missing character: There is no к in font nullfont!
Missing character: There is no У in font nullfont!
Missing character: There is no И in font nullfont!
Missing character: There is no Р in font nullfont!
Missing character: There is no а in font nullfont!
Missing character: There is no м in font nullfont!
Missing character: There is no м in font nullfont!
Missing character: There is no о in font nullfont!
Missing character: There is no ж in font nullfont!
Missing character: There is no е in font nullfont!
Missing character: There is no т in font nullfont!
Missing character: There is no б in font nullfont!
Missing character: There is no ы in font nullfont!
Missing character: There is no т in font nullfont!
Missing character: There is no ь in font nullfont!
Missing character: There is no ч in font nullfont!
Missing character: There is no у in font nullfont!
Missing character: There is no т in font nullfont!
Missing character: There is no ь in font nullfont!
Missing character: There is no м in font nullfont!
Missing character: There is no е in font nullfont!
Missing character: There is no н in font nullfont!
Missing character: There is no ь in font nullfont!
Missing character: There is no ш in font nullfont!
Missing character: There is no е in font nullfont!
Missing character: There is no ) in font nullfont!
Missing character: There is no . in font nullfont!

Overfull \hbox (20.0pt too wide) in paragraph at lines 19--20
[]
 []

)
! Emergency stop.
<*> ./thesis-template-intro.tex
                               
*** (job aborted, no legal \end found)

 
Here is how much of TeX's memory you used:
 9 strings out of 427792
 153 string characters out of 3154369
 64169 words of memory out of 3000000
 4110 multiletter control sequences out of 15000+200000
 3640 words of font info for 14 fonts, out of 3000000 for 9000
 1328 hyphenation exceptions out of 8191
 9i,1n,6p,185b,100s stack positions out of 5000i,500n,10000p,200000b,50000s
No pages of output.
